0 verbose cli /usr/bin/node /usr/bin/npm
1 info using npm@10.9.7
2 info using node@v22.22.2
3 silly config load:file:/usr/lib/node_modules/npm/npmrc
4 silly config load:file:/opt/msm/frontend/.npmrc
5 silly config load:file:/opt/msm/.npmrc
6 silly config load:file:/usr/etc/npmrc
7 verbose title npm install
8 verbose argv "install" "--loglevel" "warn"
9 verbose logfile logs-max:10 dir:/opt/msm/.npm/_logs/2026-06-03T23_18_36_095Z-
10 verbose logfile /opt/msm/.npm/_logs/2026-06-03T23_18_36_095Z-debug-0.log
11 silly logfile done cleaning log files
12 silly packumentCache heap:4345298944 maxSize:1086324736 maxEntrySize:543162368
13 silly idealTree buildDeps
14 silly reify moves {}
15 silly audit bulk request {
15 silly audit   '@adobe/css-tools': [ '4.4.4' ],
15 silly audit   '@alloc/quick-lru': [ '5.2.0' ],
15 silly audit   '@asamuzakjp/css-color': [ '5.1.11' ],
15 silly audit   '@asamuzakjp/dom-selector': [ '7.1.1' ],
15 silly audit   '@asamuzakjp/generational-cache': [ '1.0.1' ],
15 silly audit   '@asamuzakjp/nwsapi': [ '2.3.9' ],
15 silly audit   '@babel/code-frame': [ '7.29.0' ],
15 silly audit   '@babel/helper-validator-identifier': [ '7.28.5' ],
15 silly audit   '@babel/runtime': [ '7.29.2' ],
15 silly audit   '@bramus/specificity': [ '2.4.2' ],
15 silly audit   '@codemirror/autocomplete': [ '6.20.2' ],
15 silly audit   '@codemirror/commands': [ '6.10.3' ],
15 silly audit   '@codemirror/lang-css': [ '6.3.1' ],
15 silly audit   '@codemirror/lang-html': [ '6.4.11' ],
15 silly audit   '@codemirror/lang-javascript': [ '6.2.5' ],
15 silly audit   '@codemirror/lang-json': [ '6.0.2' ],
15 silly audit   '@codemirror/lang-markdown': [ '6.5.0' ],
15 silly audit   '@codemirror/lang-xml': [ '6.1.0' ],
15 silly audit   '@codemirror/lang-yaml': [ '6.1.3' ],
15 silly audit   '@codemirror/language': [ '6.12.3' ],
15 silly audit   '@codemirror/legacy-modes': [ '6.5.3' ],
15 silly audit   '@codemirror/lint': [ '6.9.6' ],
15 silly audit   '@codemirror/search': [ '6.7.0' ],
15 silly audit   '@codemirror/state': [ '6.6.0' ],
15 silly audit   '@codemirror/theme-one-dark': [ '6.1.3' ],
15 silly audit   '@codemirror/view': [ '6.43.0' ],
15 silly audit   '@csstools/color-helpers': [ '6.0.2' ],
15 silly audit   '@csstools/css-calc': [ '3.2.1' ],
15 silly audit   '@csstools/css-color-parser': [ '4.1.1' ],
15 silly audit   '@csstools/css-parser-algorithms': [ '4.0.0' ],
15 silly audit   '@csstools/css-syntax-patches-for-csstree': [ '1.1.4' ],
15 silly audit   '@csstools/css-tokenizer': [ '4.0.0' ],
15 silly audit   '@emnapi/core': [ '1.10.0' ],
15 silly audit   '@emnapi/runtime': [ '1.10.0' ],
15 silly audit   '@emnapi/wasi-threads': [ '1.2.1' ],
15 silly audit   '@exodus/bytes': [ '1.15.1' ],
15 silly audit   '@jridgewell/gen-mapping': [ '0.3.13' ],
15 silly audit   '@jridgewell/resolve-uri': [ '3.1.2' ],
15 silly audit   '@jridgewell/sourcemap-codec': [ '1.5.5' ],
15 silly audit   '@jridgewell/trace-mapping': [ '0.3.31' ],
15 silly audit   '@lezer/common': [ '1.5.2' ],
15 silly audit   '@lezer/css': [ '1.3.3' ],
15 silly audit   '@lezer/highlight': [ '1.2.3' ],
15 silly audit   '@lezer/html': [ '1.3.13' ],
15 silly audit   '@lezer/javascript': [ '1.5.4' ],
15 silly audit   '@lezer/json': [ '1.0.3' ],
15 silly audit   '@lezer/lr': [ '1.4.10' ],
15 silly audit   '@lezer/markdown': [ '1.6.3' ],
15 silly audit   '@lezer/xml': [ '1.0.6' ],
15 silly audit   '@lezer/yaml': [ '1.0.4' ],
15 silly audit   '@marijn/find-cluster-break': [ '1.0.2' ],
15 silly audit   '@napi-rs/wasm-runtime': [ '1.1.4' ],
15 silly audit   '@nodelib/fs.scandir': [ '2.1.5' ],
15 silly audit   '@nodelib/fs.stat': [ '2.0.5' ],
15 silly audit   '@nodelib/fs.walk': [ '1.2.8' ],
15 silly audit   '@oxc-project/types': [ '0.132.0' ],
15 silly audit   '@remix-run/router': [ '1.23.2' ],
15 silly audit   '@rolldown/binding-android-arm64': [ '1.0.2' ],
15 silly audit   '@rolldown/binding-darwin-arm64': [ '1.0.2' ],
15 silly audit   '@rolldown/binding-darwin-x64': [ '1.0.2' ],
15 silly audit   '@rolldown/binding-freebsd-x64': [ '1.0.2' ],
15 silly audit   '@rolldown/binding-linux-arm-gnueabihf': [ '1.0.2' ],
15 silly audit   '@rolldown/binding-linux-arm64-gnu': [ '1.0.2' ],
15 silly audit   '@rolldown/binding-linux-arm64-musl': [ '1.0.2' ],
15 silly audit   '@rolldown/binding-linux-ppc64-gnu': [ '1.0.2' ],
15 silly audit   '@rolldown/binding-linux-s390x-gnu': [ '1.0.2' ],
15 silly audit   '@rolldown/binding-linux-x64-gnu': [ '1.0.2' ],
15 silly audit   '@rolldown/binding-linux-x64-musl': [ '1.0.2' ],
15 silly audit   '@rolldown/binding-openharmony-arm64': [ '1.0.2' ],
15 silly audit   '@rolldown/binding-wasm32-wasi': [ '1.0.2' ],
15 silly audit   '@rolldown/binding-win32-arm64-msvc': [ '1.0.2' ],
15 silly audit   '@rolldown/binding-win32-x64-msvc': [ '1.0.2' ],
15 silly audit   '@rolldown/pluginutils': [ '1.0.1' ],
15 silly audit   '@standard-schema/spec': [ '1.1.0' ],
15 silly audit   '@testing-library/dom': [ '10.4.1' ],
15 silly audit   '@testing-library/jest-dom': [ '6.9.1' ],
15 silly audit   'dom-accessibility-api': [ '0.6.3', '0.5.16' ],
15 silly audit   '@testing-library/react': [ '16.3.2' ],
15 silly audit   '@tybys/wasm-util': [ '0.10.2' ],
15 silly audit   '@types/aria-query': [ '5.0.4' ],
15 silly audit   '@types/chai': [ '5.2.3' ],
15 silly audit   '@types/deep-eql': [ '4.0.2' ],
15 silly audit   '@types/estree': [ '1.0.8' ],
15 silly audit   '@types/node': [ '25.9.1' ],
15 silly audit   '@types/prop-types': [ '15.7.15' ],
15 silly audit   '@types/react': [ '18.3.29' ],
15 silly audit   '@types/react-dom': [ '18.3.7' ],
15 silly audit   '@types/whatwg-mimetype': [ '3.0.2' ],
15 silly audit   '@types/ws': [ '8.18.1' ],
15 silly audit   '@uiw/codemirror-extensions-basic-setup': [ '4.25.10' ],
15 silly audit   '@uiw/react-codemirror': [ '4.25.10' ],
15 silly audit   '@vitejs/plugin-react': [ '6.0.2' ],
15 silly audit   '@vitest/expect': [ '4.1.7' ],
15 silly audit   '@vitest/pretty-format': [ '4.1.7' ],
15 silly audit   '@vitest/runner': [ '4.1.7' ],
15 silly audit   '@vitest/snapshot': [ '4.1.7' ],
15 silly audit   '@vitest/spy': [ '4.1.7' ],
15 silly audit   '@vitest/utils': [ '4.1.7' ],
15 silly audit   'ansi-regex': [ '5.0.1' ],
15 silly audit   'ansi-styles': [ '5.2.0' ],
15 silly audit   'any-promise': [ '1.3.0' ],
15 silly audit   anymatch: [ '3.1.3' ],
15 silly audit   arg: [ '5.0.2' ],
15 silly audit   'aria-query': [ '5.3.0' ],
15 silly audit   'assertion-error': [ '2.0.1' ],
15 silly audit   autoprefixer: [ '10.5.0' ],
15 silly audit   'baseline-browser-mapping': [ '2.10.31' ],
15 silly audit   'bidi-js': [ '1.0.3' ],
15 silly audit   'binary-extensions': [ '2.3.0' ],
15 silly audit   braces: [ '3.0.3' ],
15 silly audit   browserslist: [ '4.28.2' ],
15 silly audit   'camelcase-css': [ '2.0.1' ],
15 silly audit   'caniuse-lite': [ '1.0.30001793' ],
15 silly audit   chai: [ '6.2.2' ],
15 silly audit   chokidar: [ '3.6.0' ],
15 silly audit   'glob-parent': [ '5.1.2', '6.0.2' ],
15 silly audit   codemirror: [ '6.0.2' ],
15 silly audit   commander: [ '4.1.1' ],
15 silly audit   'convert-source-map': [ '2.0.0' ],
15 silly audit   crelt: [ '1.0.6' ],
15 silly audit   'css-tree': [ '3.2.1' ],
15 silly audit   'css.escape': [ '1.5.1' ],
15 silly audit   cssesc: [ '3.0.0' ],
15 silly audit   csstype: [ '3.2.3' ],
15 silly audit   'data-urls': [ '7.0.0' ],
15 silly audit   tr46: [ '6.0.0' ],
15 silly audit   'webidl-conversions': [ '8.0.1' ],
15 silly audit   'whatwg-mimetype': [ '5.0.0', '3.0.0' ],
15 silly audit   'whatwg-url': [ '16.0.1' ],
15 silly audit   'decimal.js': [ '10.6.0' ],
15 silly audit   dequal: [ '2.0.3' ],
15 silly audit   'detect-libc': [ '2.1.2' ],
15 silly audit   didyoumean: [ '1.2.2' ],
15 silly audit   dlv: [ '1.1.3' ],
15 silly audit   'electron-to-chromium': [ '1.5.360' ],
15 silly audit   entities: [ '7.0.1', '8.0.0' ],
15 silly audit   'es-errors': [ '1.3.0' ],
15 silly audit   'es-module-lexer': [ '2.1.0' ],
15 silly audit   escalade: [ '3.2.0' ],
15 silly audit   'estree-walker': [ '3.0.3' ],
15 silly audit   'expect-type': [ '1.3.0' ],
15 silly audit   'fast-glob': [ '3.3.3' ],
15 silly audit   fastq: [ '1.20.1' ],
15 silly audit   'fill-range': [ '7.1.1' ],
15 silly audit   'fraction.js': [ '5.3.4' ],
15 silly audit   fsevents: [ '2.3.3' ],
15 silly audit   'function-bind': [ '1.1.2' ],
15 silly audit   'happy-dom': [ '20.9.0' ],
15 silly audit   hasown: [ '2.0.3' ],
15 silly audit   'html-encoding-sniffer': [ '6.0.0' ],
15 silly audit   'html-parse-stringify': [ '3.0.1' ],
15 silly audit   i18next: [ '23.16.8' ],
15 silly audit   'i18next-browser-languagedetector': [ '8.2.1' ],
15 silly audit   'i18next-http-backend': [ '4.0.0' ],
15 silly audit   'indent-string': [ '4.0.0' ],
15 silly audit   'is-binary-path': [ '2.1.0' ],
15 silly audit   'is-core-module': [ '2.16.2' ],
15 silly audit   'is-extglob': [ '2.1.1' ],
15 silly audit   'is-glob': [ '4.0.3' ],
15 silly audit   'is-number': [ '7.0.0' ],
15 silly audit   'is-potential-custom-element-name': [ '1.0.1' ],
15 silly audit   jiti: [ '1.21.7' ],
15 silly audit   'js-tokens': [ '4.0.0' ],
15 silly audit   jsdom: [ '29.1.1' ],
15 silly audit   'lru-cache': [ '11.5.0' ],
15 silly audit   lightningcss: [ '1.32.0' ],
15 silly audit   'lightningcss-android-arm64': [ '1.32.0' ],
15 silly audit   'lightningcss-darwin-arm64': [ '1.32.0' ],
15 silly audit   'lightningcss-darwin-x64': [ '1.32.0' ],
15 silly audit   'lightningcss-freebsd-x64': [ '1.32.0' ],
15 silly audit   'lightningcss-linux-arm-gnueabihf': [ '1.32.0' ],
15 silly audit   'lightningcss-linux-arm64-gnu': [ '1.32.0' ],
15 silly audit   'lightningcss-linux-arm64-musl': [ '1.32.0' ],
15 silly audit   'lightningcss-linux-x64-gnu': [ '1.32.0' ],
15 silly audit   'lightningcss-linux-x64-musl': [ '1.32.0' ],
15 silly audit   'lightningcss-win32-arm64-msvc': [ '1.32.0' ],
15 silly audit   'lightningcss-win32-x64-msvc': [ '1.32.0' ],
15 silly audit   lilconfig: [ '3.1.3' ],
15 silly audit   'lines-and-columns': [ '1.2.4' ],
15 silly audit   'loose-envify': [ '1.4.0' ],
15 silly audit   'lucide-react': [ '0.577.0' ],
15 silly audit   'lz-string': [ '1.5.0' ],
15 silly audit   'magic-string': [ '0.30.21' ],
15 silly audit   'mdn-data': [ '2.27.1' ],
15 silly audit   merge2: [ '1.4.1' ],
15 silly audit   micromatch: [ '4.0.8' ],
15 silly audit   'min-indent': [ '1.0.1' ],
15 silly audit   mz: [ '2.7.0' ],
15 silly audit   nanoid: [ '3.3.12' ],
15 silly audit   'node-releases': [ '2.0.44' ],
15 silly audit   'normalize-path': [ '3.0.0' ],
15 silly audit   'object-assign': [ '4.1.1' ],
15 silly audit   'object-hash': [ '3.0.0' ],
15 silly audit   obug: [ '2.1.1' ],
15 silly audit   parse5: [ '8.0.1' ],
15 silly audit   'path-parse': [ '1.0.7' ],
15 silly audit   pathe: [ '2.0.3' ],
15 silly audit   picocolors: [ '1.1.1' ],
15 silly audit   picomatch: [ '2.3.2', '4.0.4' ],
15 silly audit   pify: [ '2.3.0' ],
15 silly audit   pirates: [ '4.0.7' ],
15 silly audit   postcss: [ '8.5.15' ],
15 silly audit   'postcss-import': [ '15.1.0' ],
15 silly audit   'postcss-js': [ '4.1.0' ],
15 silly audit   'postcss-load-config': [ '6.0.1' ],
15 silly audit   'postcss-nested': [ '6.2.0' ],
15 silly audit   'postcss-selector-parser': [ '6.1.2' ],
15 silly audit   'postcss-value-parser': [ '4.2.0' ],
15 silly audit   'pretty-format': [ '27.5.1' ],
15 silly audit   punycode: [ '2.3.1' ],
15 silly audit   'queue-microtask': [ '1.2.3' ],
15 silly audit   react: [ '18.3.1' ],
15 silly audit   'react-dom': [ '18.3.1' ],
15 silly audit   'react-i18next': [ '14.1.3' ],
15 silly audit   'react-is': [ '17.0.2' ],
15 silly audit   'react-router': [ '6.30.3' ],
15 silly audit   'react-router-dom': [ '6.30.3' ],
15 silly audit   'read-cache': [ '1.0.0' ],
15 silly audit   readdirp: [ '3.6.0' ],
15 silly audit   redent: [ '3.0.0' ],
15 silly audit   'require-from-string': [ '2.0.2' ],
15 silly audit   resolve: [ '1.22.12' ],
15 silly audit   reusify: [ '1.1.0' ],
15 silly audit   rolldown: [ '1.0.2' ],
15 silly audit   'run-parallel': [ '1.2.0' ],
15 silly audit   saxes: [ '6.0.0' ],
15 silly audit   scheduler: [ '0.23.2' ],
15 silly audit   siginfo: [ '2.0.0' ],
15 silly audit   'source-map-js': [ '1.2.1' ],
15 silly audit   stackback: [ '0.0.2' ],
15 silly audit   'std-env': [ '4.1.0' ],
15 silly audit   'strip-indent': [ '3.0.0' ],
15 silly audit   'style-mod': [ '4.1.3' ],
15 silly audit   sucrase: [ '3.35.1' ],
15 silly audit   'supports-preserve-symlinks-flag': [ '1.0.0' ],
15 silly audit   'symbol-tree': [ '3.2.4' ],
15 silly audit   tailwindcss: [ '3.4.19' ],
15 silly audit   thenify: [ '3.3.1' ],
15 silly audit   'thenify-all': [ '1.6.0' ],
15 silly audit   tinybench: [ '2.9.0' ],
15 silly audit   tinyexec: [ '1.1.2' ],
15 silly audit   tinyglobby: [ '0.2.16' ],
15 silly audit   fdir: [ '6.5.0' ],
15 silly audit   tinyrainbow: [ '3.1.0' ],
15 silly audit   tldts: [ '7.0.30' ],
15 silly audit   'tldts-core': [ '7.0.30' ],
15 silly audit   'to-regex-range': [ '5.0.1' ],
15 silly audit   'tough-cookie': [ '6.0.1' ],
15 silly audit   'ts-interface-checker': [ '0.1.13' ],
15 silly audit   tslib: [ '2.8.1' ],
15 silly audit   typescript: [ '5.9.3' ],
15 silly audit   undici: [ '7.25.0' ],
15 silly audit   'undici-types': [ '7.24.6' ],
15 silly audit   'update-browserslist-db': [ '1.2.3' ],
15 silly audit   'use-sync-external-store': [ '1.6.0' ],
15 silly audit   'util-deprecate': [ '1.0.2' ],
15 silly audit   vite: [ '8.0.14' ],
15 silly audit   vitest: [ '4.1.7' ],
15 silly audit   '@vitest/mocker': [ '4.1.7' ],
15 silly audit   'void-elements': [ '3.1.0' ],
15 silly audit   'w3c-keyname': [ '2.2.8' ],
15 silly audit   'w3c-xmlserializer': [ '5.0.0' ],
15 silly audit   'why-is-node-running': [ '2.3.0' ],
15 silly audit   ws: [ '8.20.1' ],
15 silly audit   'xml-name-validator': [ '5.0.0' ],
15 silly audit   xmlchars: [ '2.2.0' ],
15 silly audit   zustand: [ '4.5.7' ]
15 silly audit }
16 verbose reify failed optional dependency /opt/msm/frontend/node_modules/lightningcss-win32-x64-msvc
17 silly reify mark deleted [ '/opt/msm/frontend/node_modules/lightningcss-win32-x64-msvc' ]
18 verbose reify failed optional dependency /opt/msm/frontend/node_modules/lightningcss-win32-arm64-msvc
19 silly reify mark deleted [ '/opt/msm/frontend/node_modules/lightningcss-win32-arm64-msvc' ]
20 verbose reify failed optional dependency /opt/msm/frontend/node_modules/lightningcss-linux-arm64-musl
21 silly reify mark deleted [ '/opt/msm/frontend/node_modules/lightningcss-linux-arm64-musl' ]
22 verbose reify failed optional dependency /opt/msm/frontend/node_modules/lightningcss-linux-arm64-gnu
23 silly reify mark deleted [ '/opt/msm/frontend/node_modules/lightningcss-linux-arm64-gnu' ]
24 verbose reify failed optional dependency /opt/msm/frontend/node_modules/lightningcss-linux-arm-gnueabihf
25 silly reify mark deleted [ '/opt/msm/frontend/node_modules/lightningcss-linux-arm-gnueabihf' ]
26 verbose reify failed optional dependency /opt/msm/frontend/node_modules/lightningcss-freebsd-x64
27 silly reify mark deleted [ '/opt/msm/frontend/node_modules/lightningcss-freebsd-x64' ]
28 verbose reify failed optional dependency /opt/msm/frontend/node_modules/lightningcss-darwin-x64
29 silly reify mark deleted [ '/opt/msm/frontend/node_modules/lightningcss-darwin-x64' ]
30 verbose reify failed optional dependency /opt/msm/frontend/node_modules/lightningcss-darwin-arm64
31 silly reify mark deleted [ '/opt/msm/frontend/node_modules/lightningcss-darwin-arm64' ]
32 verbose reify failed optional dependency /opt/msm/frontend/node_modules/lightningcss-android-arm64
33 silly reify mark deleted [ '/opt/msm/frontend/node_modules/lightningcss-android-arm64' ]
34 verbose reify failed optional dependency /opt/msm/frontend/node_modules/fsevents
35 silly reify mark deleted [ '/opt/msm/frontend/node_modules/fsevents' ]
36 verbose reify failed optional dependency /opt/msm/frontend/node_modules/@rolldown/binding-win32-x64-msvc
37 silly reify mark deleted [ '/opt/msm/frontend/node_modules/@rolldown/binding-win32-x64-msvc' ]
38 verbose reify failed optional dependency /opt/msm/frontend/node_modules/@rolldown/binding-win32-arm64-msvc
39 silly reify mark deleted [ '/opt/msm/frontend/node_modules/@rolldown/binding-win32-arm64-msvc' ]
40 verbose reify failed optional dependency /opt/msm/frontend/node_modules/@rolldown/binding-wasm32-wasi
41 silly reify mark deleted [ '/opt/msm/frontend/node_modules/@rolldown/binding-wasm32-wasi' ]
42 verbose reify failed optional dependency /opt/msm/frontend/node_modules/@emnapi/core
43 silly reify mark deleted [ '/opt/msm/frontend/node_modules/@emnapi/core' ]
44 verbose reify failed optional dependency /opt/msm/frontend/node_modules/@emnapi/runtime
45 silly reify mark deleted [ '/opt/msm/frontend/node_modules/@emnapi/runtime' ]
46 verbose reify failed optional dependency /opt/msm/frontend/node_modules/@napi-rs/wasm-runtime
47 silly reify mark deleted [ '/opt/msm/frontend/node_modules/@napi-rs/wasm-runtime' ]
48 verbose reify failed optional dependency /opt/msm/frontend/node_modules/@emnapi/wasi-threads
49 silly reify mark deleted [ '/opt/msm/frontend/node_modules/@emnapi/wasi-threads' ]
50 verbose reify failed optional dependency /opt/msm/frontend/node_modules/tslib
51 silly reify mark deleted [ '/opt/msm/frontend/node_modules/tslib' ]
52 verbose reify failed optional dependency /opt/msm/frontend/node_modules/@tybys/wasm-util
53 silly reify mark deleted [ '/opt/msm/frontend/node_modules/@tybys/wasm-util' ]
54 verbose reify failed optional dependency /opt/msm/frontend/node_modules/@rolldown/binding-openharmony-arm64
55 silly reify mark deleted [
55 silly reify   '/opt/msm/frontend/node_modules/@rolldown/binding-openharmony-arm64'
55 silly reify ]
56 verbose reify failed optional dependency /opt/msm/frontend/node_modules/@rolldown/binding-linux-s390x-gnu
57 silly reify mark deleted [ '/opt/msm/frontend/node_modules/@rolldown/binding-linux-s390x-gnu' ]
58 verbose reify failed optional dependency /opt/msm/frontend/node_modules/@rolldown/binding-linux-ppc64-gnu
59 silly reify mark deleted [ '/opt/msm/frontend/node_modules/@rolldown/binding-linux-ppc64-gnu' ]
60 verbose reify failed optional dependency /opt/msm/frontend/node_modules/@rolldown/binding-linux-arm64-musl
61 silly reify mark deleted [ '/opt/msm/frontend/node_modules/@rolldown/binding-linux-arm64-musl' ]
62 verbose reify failed optional dependency /opt/msm/frontend/node_modules/@rolldown/binding-linux-arm64-gnu
63 silly reify mark deleted [ '/opt/msm/frontend/node_modules/@rolldown/binding-linux-arm64-gnu' ]
64 verbose reify failed optional dependency /opt/msm/frontend/node_modules/@rolldown/binding-linux-arm-gnueabihf
65 silly reify mark deleted [
65 silly reify   '/opt/msm/frontend/node_modules/@rolldown/binding-linux-arm-gnueabihf'
65 silly reify ]
66 verbose reify failed optional dependency /opt/msm/frontend/node_modules/@rolldown/binding-freebsd-x64
67 silly reify mark deleted [ '/opt/msm/frontend/node_modules/@rolldown/binding-freebsd-x64' ]
68 verbose reify failed optional dependency /opt/msm/frontend/node_modules/@rolldown/binding-darwin-x64
69 silly reify mark deleted [ '/opt/msm/frontend/node_modules/@rolldown/binding-darwin-x64' ]
70 verbose reify failed optional dependency /opt/msm/frontend/node_modules/@rolldown/binding-darwin-arm64
71 silly reify mark deleted [ '/opt/msm/frontend/node_modules/@rolldown/binding-darwin-arm64' ]
72 verbose reify failed optional dependency /opt/msm/frontend/node_modules/@rolldown/binding-android-arm64
73 silly reify mark deleted [ '/opt/msm/frontend/node_modules/@rolldown/binding-android-arm64' ]
74 http cache @tybys/wasm-util@https://registry.npmjs.org/@tybys/wasm-util/-/wasm-util-0.10.2.tgz 0ms (cache hit)
75 http cache tslib@https://registry.npmjs.org/tslib/-/tslib-2.8.1.tgz 0ms (cache hit)
76 http cache @napi-rs/wasm-runtime@https://registry.npmjs.org/@napi-rs/wasm-runtime/-/wasm-runtime-1.1.4.tgz 0ms (cache hit)
77 http cache @emnapi/wasi-threads@https://registry.npmjs.org/@emnapi/wasi-threads/-/wasi-threads-1.2.1.tgz 0ms (cache hit)
78 http cache @emnapi/runtime@https://registry.npmjs.org/@emnapi/runtime/-/runtime-1.10.0.tgz 0ms (cache hit)
79 http cache @emnapi/core@https://registry.npmjs.org/@emnapi/core/-/core-1.10.0.tgz 0ms (cache hit)
80 http fetch POST 200 https://registry.npmjs.org/-/npm/v1/security/advisories/bulk 217ms
81 silly audit report {
81 silly audit report   'react-router': [
81 silly audit report     {
81 silly audit report       id: 1120064,
81 silly audit report       url: 'https://github.com/advisories/GHSA-2j2x-hqr9-3h42',
81 silly audit report       title: "React Router's same-origin redirect with path starting // causes open redirect via protocol-relative URL reinterpretation",
81 silly audit report       severity: 'moderate',
81 silly audit report       vulnerable_versions: '>=6.7.0 <6.30.4',
81 silly audit report       cwe: [Array],
81 silly audit report       cvss: [Object]
81 silly audit report     }
81 silly audit report   ]
81 silly audit report }
82 silly packumentCache corgi:https://registry.npmjs.org/react-router cache-miss
83 http fetch GET 200 https://registry.npmjs.org/react-router 57ms (cache miss)
84 silly packumentCache corgi:https://registry.npmjs.org/react-router set size:undefined disposed:false
85 silly packumentCache corgi:https://registry.npmjs.org/react-router-dom cache-miss
86 http fetch GET 200 https://registry.npmjs.org/react-router-dom 48ms (cache miss)
87 silly packumentCache corgi:https://registry.npmjs.org/react-router-dom set size:undefined disposed:false
88 silly ADD
89 silly ADD
90 silly ADD
91 silly ADD
92 silly ADD
93 silly ADD
94 silly ADD
95 silly ADD
96 silly ADD
97 silly ADD
98 silly ADD
99 silly ADD
100 silly ADD
101 silly ADD
102 silly ADD
103 silly ADD
104 silly ADD
105 silly ADD
106 silly ADD
107 silly ADD
108 silly ADD
109 silly ADD
110 silly ADD
111 silly ADD
112 silly ADD
113 silly ADD
114 silly ADD
115 silly ADD
116 silly ADD
117 verbose cwd /opt/msm/frontend
118 verbose os Linux 6.17.0-29-generic
119 verbose node v22.22.2
120 verbose npm  v10.9.7
121 verbose exit 0
122 info ok
